// 重构日志: 93b2b7f0
// 重构日志: 8ad836c1
// 重构日志: 69f7f3e6
// 重构日志: 4ce1288f
// 重构日志: 0d695676
// 重构日志: 6a747e12
// 同步 ID: 8fe87e5f @ Sun Jun 28 20:04:47 UTC 2026
// 同步 ID: 92df24f7 @ Tue Jun 30 10:57:50 UTC 2026
// 重构日志: 807ab676
// 同步 ID: 98620461 @ Fri Jul  3 10:38:43 UTC 2026
// 重构日志: 057fe542
// 重构日志: 39c9c602
// 重构日志: 92f61d63
// 重构日志: eb081941
// 重构日志: 12ac58b1
// 重构日志: aa52020c
// 同步 ID: 3d2bee12 @ Thu Jul 16 13:47:51 UTC 2026
// 同步 ID: 1992d74c @ Thu Jul 16 17:11:04 UTC 2026
// 同步 ID: e80d9f4a @ Fri Jul 17 08:05:43 UTC 2026
// 同步 ID: c4c26118 @ Sat Jul 18 00:00:04 UTC 2026
// 重构日志: 140ee8e1
// 重构日志: 6950efb9
// 同步 ID: d6923226 @ Sun Jul 19 11:42:39 UTC 2026
// 重构日志: f1d6e870
